\BOOKMARK [-1][-]{part.1}{\376\377\173\054\116\000\220\350\122\006\000\040\151\202\163\207\212\326\000\040\000P\000r\000o\000b\000a\000b\000i\000l\000i\000t\000y}{}% 1
\BOOKMARK [0][-]{chapter.1}{\376\377\151\202\163\207\212\326\121\145\225\200\377\032\133\232\177\251\202\007\121\154\164\006}{part.1}% 2
\BOOKMARK [1][-]{section.1.1}{\376\377\116\011\120\013\151\202\163\207\121\154\164\006\377\032}{chapter.1}% 3
\BOOKMARK [1][-]{section.1.2}{\376\377\150\235\116\366\151\202\163\207\000\040\000C\000o\000n\000d\000i\000t\000i\000o\000n\000a\000l\000\040\000p\000r\000o\000b\000a\000b\000i\000l\000i\000t\000y}{chapter.1}% 4
\BOOKMARK [1][-]{section.1.3}{\376\377\163\150\172\313\000\040\000\050\000i\000n\000d\000e\000p\000e\000n\000d\000e\000n\000c\000e\000\051\000\040\166\204\133\232\177\251}{chapter.1}% 5
\BOOKMARK [1][-]{section.1.4}{\376\377\214\355\123\132\125\117\230\114}{chapter.1}% 6
\BOOKMARK [1][-]{section.1.5}{\376\377\214\355\123\132\125\117\230\114\166\204\173\124\150\110}{chapter.1}% 7
\BOOKMARK [0][-]{chapter.2}{\376\377\000B\000a\000y\000e\000s\000\040\214\235\204\111\145\257\164\006\212\326\166\204\151\202\137\365}{part.1}% 8
\BOOKMARK [0][-]{chapter.3}{\376\377\147\037\147\033\000\040\000E\000x\000p\000e\000c\000t\000a\000t\000i\000o\000n\000\040\000\050\142\026\127\107\120\074\000\040\000o\000r\000\040\000m\000e\000a\000n\000\051\000\040\124\214\000\040\145\271\135\356\000\040\000V\000a\000r\000i\000a\000n\000c\000e}{part.1}% 9
\BOOKMARK [1][-]{section.3.1}{\376\377\145\271\135\356\166\204\140\047\214\352\377\032}{chapter.3}% 10
\BOOKMARK [0][-]{chapter.4}{\376\377\117\057\122\252\122\051\122\006\117\110\000\040\000B\000e\000r\000n\000o\000u\000l\000l\000i\000\040\000d\000i\000s\000t\000r\000i\000b\000u\000t\000i\000o\000n}{part.1}% 11
\BOOKMARK [0][-]{chapter.5}{\376\377\116\214\230\005\122\006\117\110\166\204\151\202\137\365\000\040\000B\000i\000n\000o\000m\000i\000a\000l\000\040\000d\000i\000s\000t\000r\000i\000b\000u\000t\000i\000o\000n}{part.1}% 12
\BOOKMARK [1][-]{section.5.1}{\376\377\116\214\230\005\122\006\117\110\166\204\147\037\147\033\124\214\145\271\135\356}{chapter.5}% 13
\BOOKMARK [1][-]{section.5.2}{\376\377\215\205\136\176\117\125\122\006\117\110\000\040\000h\000y\000p\000e\000r\000g\000e\000o\000m\000e\000t\000r\000i\000c\000\040\000d\000i\000s\000t\000r\000i\000b\000u\000t\000i\000o\000n}{chapter.5}% 14
\BOOKMARK [1][-]{section.5.3}{\376\377\152\002\220\017\116\055\163\116\151\202\163\207\125\117\230\114\377\032}{chapter.5}% 15
\BOOKMARK [2][-]{subsection.5.3.1}{\376\377\131\202\147\234\142\021\123\352\140\363\116\055\121\166\116\055\166\204\000\040\0003\000\040\120\013\206\137\170\274\377\014\151\202\163\207\147\011\131\032\131\047\377\037}{section.5.3}% 16
\BOOKMARK [0][-]{chapter.6}{\376\377\154\312\147\176\122\006\117\110\000\040\000P\000o\000i\000s\000s\000o\000n\000\040\000D\000i\000s\000t\000r\000i\000b\000u\000t\000i\000o\000n}{part.1}% 17
\BOOKMARK [0][-]{chapter.7}{\376\377\153\143\141\113\122\006\117\110}{part.1}% 18
\BOOKMARK [1][-]{section.7.1}{\376\377\151\202\163\207\133\306\136\246\146\362\175\332\000\040\000p\000r\000o\000b\000a\000b\000i\000l\000i\000t\000y\000\040\000d\000e\000n\000s\000i\000t\000y\000\040\000f\000u\000n\000c\000t\000i\000o\000n\377\014\000\040\000P\000D\000F}{chapter.7}% 19
\BOOKMARK [1][-]{section.7.2}{\376\377\153\143\141\113\122\006\117\110}{chapter.7}% 20
\BOOKMARK [1][-]{section.7.3}{\376\377\152\031\156\226\153\143\141\113\122\006\117\110}{chapter.7}% 21
\BOOKMARK [0][-]{chapter.8}{\376\377\116\055\137\303\151\165\226\120\133\232\164\006\000\040\000t\000h\000e\000\040\000C\000e\000n\000t\000r\000a\000l\000\040\000L\000i\000m\000i\000t\000\040\000T\000h\000e\000o\000r\000e\000m}{part.1}% 22
