---------------------------------------------------------------------------------------------------
      name:  <unnamed>
       log:  /Users/chaoimacmini/Downloads/LSHTMlearningnote/backupfiles/sme8.log
  log type:  text
 opened on:  15 Sep 2021, 23:35:57

. 
end of do-file

. do "/var/folders/hv/m2nrhp7j4gd53fjvf985xgy80000gn/T//SD05303.000000"

. cd "~/Downloads/LSHTMlearningnote/backupfiles/"
/Users/chaoimacmini/Downloads/LSHTMlearningnote/backupfiles

. 
end of do-file

. do "/var/folders/hv/m2nrhp7j4gd53fjvf985xgy80000gn/T//SD05303.000000"

. 
. bloglik 4 6
Most likely value for risk parameter    0.40000

cut-point -1.921
Likelihood based limits for risk parameter  0.14562  0.70004
Approx quadratic limits for risk parameter  0.09634  0.70366

. 
end of do-file

